May 27, 2025 4:23:48 PM liquibase.changelog
INFO: Reading resource: db/changelog/migrations/db.changelog-202505271446.sql
May 27, 2025 4:23:48 PM liquibase.changelog
INFO: Reading from board.databasechangelog
Database is up to date, no changesets to execute
May 27, 2025 4:23:48 PM liquibase.changelog
INFO: Reading from board.databasechangelog

UPDATE SUMMARY
Run:                          0
Previously run:               1
Filtered out:                 0
-------------------------------
Total change sets:            1

May 27, 2025 4:23:48 PM liquibase.util
INFO: UPDATE SUMMARY
May 27, 2025 4:23:48 PM liquibase.util
INFO: Run:                          0
May 27, 2025 4:23:48 PM liquibase.util
INFO: Previously run:               1
May 27, 2025 4:23:48 PM liquibase.util
INFO: Filtered out:                 0
May 27, 2025 4:23:48 PM liquibase.util
INFO: -------------------------------
May 27, 2025 4:23:48 PM liquibase.util
INFO: Total change sets:            1
May 27, 2025 4:23:48 PM liquibase.util
INFO: Update summary generated
May 27, 2025 4:23:48 PM liquibase.command
INFO: Command execution complete
